<?xml version="1.0" encoding="UTF-8"?>
<testsuites name="ComparePS" time="6.103" tests="1" failures="0" errors="1">
   <testsuite name="ComparePS" tests="1" failures="0" errors="1" time="6.103" timestamp="2020-11-11 22:07:38" hostname="Andika - DESKTOP-MGEQHS0" id="Test Suites/ComparePS">
      <properties>
         <property name="deviceName" value=""/>
         <property name="devicePlatform" value=""/>
         <property name="logFolder" value="C:\\Users\\Andika\\Katalon Studio\\ComparePS\\Reports\\20201111_220729\\ComparePS\\20201111_220729"/>
         <property name="logFiles" value="C:\\Users\\Andika\\Katalon Studio\\ComparePS\\Reports\\20201111_220729\\ComparePS\\20201111_220729\\execution0.log"/>
         <property name="attachments" value=""/>
         <property name="hostName" value="Andika - DESKTOP-MGEQHS0"/>
         <property name="hostAddress" value="192.168.0.15"/>
         <property name="os" value="Windows 10 64bit"/>
         <property name="katalonVersion" value="7.7.2.205"/>
      </properties>
      <testcase name="Test Cases/ComparePS-1" time="4.68" classname="Test Cases/ComparePS-1" status="ERROR">
         <error type="ERROR" message="Test Cases/ComparePS-1 FAILED.
Reason:
java.lang.NullPointerException
	at com.kms.katalon.core.testdata.reader.SheetPOI.getRowNumbers(SheetPOI.java:235)
	at com.kms.katalon.core.testdata.AbstractTestData.verifyRowIndex(AbstractTestData.java:52)
	at com.kms.katalon.core.testdata.AbstractTestData.getObjectValue(AbstractTestData.java:135)
	at com.kms.katalon.core.testdata.AbstractTestData.getValue(AbstractTestData.java:107)
	at com.kms.katalon.core.testdata.TestData$getValue$0.call(Unknown Source)
	at comparePS.ProposalASL1.ComparePS(ProposalASL1.groovy:54)
	at comparePS.ProposalASL1.invokeMethod(ProposalASL1.groovy)
	at com.kms.katalon.core.main.CustomKeywordDelegatingMetaClass.invokeStaticMethod(CustomKeywordDelegatingMetaClass.java:50)
	at ComparePS-1.run(ComparePS-1:122)
	at com.kms.katalon.core.main.ScriptEngine.run(ScriptEngine.java:194)
	at com.kms.katalon.core.main.ScriptEngine.runScriptAsRawText(ScriptEngine.java:119)
	at com.kms.katalon.core.main.TestCaseExecutor.runScript(TestCaseExecutor.java:339)
	at com.kms.katalon.core.main.TestCaseExecutor.doExecute(TestCaseExecutor.java:330)
	at com.kms.katalon.core.main.TestCaseExecutor.processExecutionPhase(TestCaseExecutor.java:309)
	at com.kms.katalon.core.main.TestCaseExecutor.accessMainPhase(TestCaseExecutor.java:301)
	at com.kms.katalon.core.main.TestCaseExecutor.execute(TestCaseExecutor.java:235)
	at com.kms.katalon.core.main.TestSuiteExecutor.accessTestCaseMainPhase(TestSuiteExecutor.java:191)
	at com.kms.katalon.core.main.TestSuiteExecutor.accessTestSuiteMainPhase(TestSuiteExecutor.java:141)
	at com.kms.katalon.core.main.TestSuiteExecutor.execute(TestSuiteExecutor.java:90)
	at com.kms.katalon.core.main.TestCaseMain.startTestSuite(TestCaseMain.java:157)
	at com.kms.katalon.core.main.TestCaseMain$startTestSuite$0.call(Unknown Source)
	at TempTestSuite1605107249152.run(TempTestSuite1605107249152.groovy:39)
"/>
         <system-out><![CDATA[2020-11-11 22:07:39 - [TEST_CASE][ERROR] - Test Cases/ComparePS-1: Test Cases/ComparePS-1 FAILED.
Reason:
java.lang.NullPointerException
	at com.kms.katalon.core.testdata.reader.SheetPOI.getRowNumbers(SheetPOI.java:235)
	at com.kms.katalon.core.testdata.AbstractTestData.verifyRowIndex(AbstractTestData.java:52)
	at com.kms.katalon.core.testdata.AbstractTestData.getObjectValue(AbstractTestData.java:135)
	at com.kms.katalon.core.testdata.AbstractTestData.getValue(AbstractTestData.java:107)
	at com.kms.katalon.core.testdata.TestData$getValue$0.call(Unknown Source)
	at comparePS.ProposalASL1.ComparePS(ProposalASL1.groovy:54)
	at comparePS.ProposalASL1.invokeMethod(ProposalASL1.groovy)
	at com.kms.katalon.core.main.CustomKeywordDelegatingMetaClass.invokeStaticMethod(CustomKeywordDelegatingMetaClass.java:50)
	at ComparePS-1.run(ComparePS-1:122)
	at com.kms.katalon.core.main.ScriptEngine.run(ScriptEngine.java:194)
	at com.kms.katalon.core.main.ScriptEngine.runScriptAsRawText(ScriptEngine.java:119)
	at com.kms.katalon.core.main.TestCaseExecutor.runScript(TestCaseExecutor.java:339)
	at com.kms.katalon.core.main.TestCaseExecutor.doExecute(TestCaseExecutor.java:330)
	at com.kms.katalon.core.main.TestCaseExecutor.processExecutionPhase(TestCaseExecutor.java:309)
	at com.kms.katalon.core.main.TestCaseExecutor.accessMainPhase(TestCaseExecutor.java:301)
	at com.kms.katalon.core.main.TestCaseExecutor.execute(TestCaseExecutor.java:235)
	at com.kms.katalon.core.main.TestSuiteExecutor.accessTestCaseMainPhase(TestSuiteExecutor.java:191)
	at com.kms.katalon.core.main.TestSuiteExecutor.accessTestSuiteMainPhase(TestSuiteExecutor.java:141)
	at com.kms.katalon.core.main.TestSuiteExecutor.execute(TestSuiteExecutor.java:90)
	at com.kms.katalon.core.main.TestCaseMain.startTestSuite(TestCaseMain.java:157)
	at com.kms.katalon.core.main.TestCaseMain$startTestSuite$0.call(Unknown Source)
	at TempTestSuite1605107249152.run(TempTestSuite1605107249152.groovy:39)


2020-11-11 22:07:40 - [TEST_STEP][PASSED] - sekarang = new java.util.Date(): null

2020-11-11 22:07:40 - [TEST_STEP][PASSED] - tgl = sekarang.format("yyyy-MM-dd"): null

2020-11-11 22:07:40 - [TEST_STEP][PASSED] - fullFlow = true: null

2020-11-11 22:07:40 - [TEST_STEP][PASSED] - strGlbDate = tgl: null

2020-11-11 22:07:40 - [TEST_STEP][PASSED] - strGlbCrash = false: null

2020-11-11 22:07:40 - [TEST_STEP][PASSED] - strGlbAlamat = false: null

2020-11-11 22:07:40 - [TEST_STEP][PASSED] - strGlbNomor = 1: null

2020-11-11 22:07:40 - [TEST_STEP][PASSED] - strGlbNumImage = 0: null

2020-11-11 22:07:40 - [TEST_STEP][PASSED] - runTime = StopWatch.createStarted(): null

2020-11-11 22:07:40 - [TEST_STEP][PASSED] - getLastRow = findTestData("dt-1/dt_APK").getRowNumbers(): null

2020-11-11 22:07:42 - [TEST_STEP][ERROR] - for (int excelRow : (1..2)): 

2020-11-11 22:07:42 - [TEST_STEP][PASSED] - strGlbStatus = "": null

2020-11-11 22:07:42 - [TEST_STEP][PASSED] - strGlbKeterangan = "": null

2020-11-11 22:07:42 - [TEST_STEP][PASSED] - runTime.reset(): null

2020-11-11 22:07:42 - [TEST_STEP][PASSED] - runTime.start(): null

2020-11-11 22:07:42 - [TEST_STEP][PASSED] - dataCompareAPK = findTestData("dt-1/dt_APK"): null

2020-11-11 22:07:43 - [TEST_STEP][PASSED] - strNoAPK = dataCompareAPK.getValue("NO", excelRow): null

2020-11-11 22:07:43 - [TEST_STEP][ERROR] - comparePS.ProposalASL1.ComparePS(strNoAPK, excelRow): 

2020-11-11 22:07:43 - [MESSAGE][ERROR] -]]></system-out>
         <system-err><![CDATA[2020-11-11 22:07:39 - [TEST_CASE][ERROR] - Test Cases/ComparePS-1: Test Cases/ComparePS-1 FAILED.
Reason:
java.lang.NullPointerException
	at com.kms.katalon.core.testdata.reader.SheetPOI.getRowNumbers(SheetPOI.java:235)
	at com.kms.katalon.core.testdata.AbstractTestData.verifyRowIndex(AbstractTestData.java:52)
	at com.kms.katalon.core.testdata.AbstractTestData.getObjectValue(AbstractTestData.java:135)
	at com.kms.katalon.core.testdata.AbstractTestData.getValue(AbstractTestData.java:107)
	at com.kms.katalon.core.testdata.TestData$getValue$0.call(Unknown Source)
	at comparePS.ProposalASL1.ComparePS(ProposalASL1.groovy:54)
	at comparePS.ProposalASL1.invokeMethod(ProposalASL1.groovy)
	at com.kms.katalon.core.main.CustomKeywordDelegatingMetaClass.invokeStaticMethod(CustomKeywordDelegatingMetaClass.java:50)
	at ComparePS-1.run(ComparePS-1:122)
	at com.kms.katalon.core.main.ScriptEngine.run(ScriptEngine.java:194)
	at com.kms.katalon.core.main.ScriptEngine.runScriptAsRawText(ScriptEngine.java:119)
	at com.kms.katalon.core.main.TestCaseExecutor.runScript(TestCaseExecutor.java:339)
	at com.kms.katalon.core.main.TestCaseExecutor.doExecute(TestCaseExecutor.java:330)
	at com.kms.katalon.core.main.TestCaseExecutor.processExecutionPhase(TestCaseExecutor.java:309)
	at com.kms.katalon.core.main.TestCaseExecutor.accessMainPhase(TestCaseExecutor.java:301)
	at com.kms.katalon.core.main.TestCaseExecutor.execute(TestCaseExecutor.java:235)
	at com.kms.katalon.core.main.TestSuiteExecutor.accessTestCaseMainPhase(TestSuiteExecutor.java:191)
	at com.kms.katalon.core.main.TestSuiteExecutor.accessTestSuiteMainPhase(TestSuiteExecutor.java:141)
	at com.kms.katalon.core.main.TestSuiteExecutor.execute(TestSuiteExecutor.java:90)
	at com.kms.katalon.core.main.TestCaseMain.startTestSuite(TestCaseMain.java:157)
	at com.kms.katalon.core.main.TestCaseMain$startTestSuite$0.call(Unknown Source)
	at TempTestSuite1605107249152.run(TempTestSuite1605107249152.groovy:39)]]></system-err>
      </testcase>
      <system-out><![CDATA[2020-11-11 22:07:38 - [TEST_SUITE][ERROR] - ComparePS: Test Cases/ComparePS-1 FAILED.
Reason:
java.lang.NullPointerException
	at com.kms.katalon.core.testdata.reader.SheetPOI.getRowNumbers(SheetPOI.java:235)
	at com.kms.katalon.core.testdata.AbstractTestData.verifyRowIndex(AbstractTestData.java:52)
	at com.kms.katalon.core.testdata.AbstractTestData.getObjectValue(AbstractTestData.java:135)
	at com.kms.katalon.core.testdata.AbstractTestData.getValue(AbstractTestData.java:107)
	at com.kms.katalon.core.testdata.TestData$getValue$0.call(Unknown Source)
	at comparePS.ProposalASL1.ComparePS(ProposalASL1.groovy:54)
	at comparePS.ProposalASL1.invokeMethod(ProposalASL1.groovy)
	at com.kms.katalon.core.main.CustomKeywordDelegatingMetaClass.invokeStaticMethod(CustomKeywordDelegatingMetaClass.java:50)
	at ComparePS-1.run(ComparePS-1:122)
	at com.kms.katalon.core.main.ScriptEngine.run(ScriptEngine.java:194)
	at com.kms.katalon.core.main.ScriptEngine.runScriptAsRawText(ScriptEngine.java:119)
	at com.kms.katalon.core.main.TestCaseExecutor.runScript(TestCaseExecutor.java:339)
	at com.kms.katalon.core.main.TestCaseExecutor.doExecute(TestCaseExecutor.java:330)
	at com.kms.katalon.core.main.TestCaseExecutor.processExecutionPhase(TestCaseExecutor.java:309)
	at com.kms.katalon.core.main.TestCaseExecutor.accessMainPhase(TestCaseExecutor.java:301)
	at com.kms.katalon.core.main.TestCaseExecutor.execute(TestCaseExecutor.java:235)
	at com.kms.katalon.core.main.TestSuiteExecutor.accessTestCaseMainPhase(TestSuiteExecutor.java:191)
	at com.kms.katalon.core.main.TestSuiteExecutor.accessTestSuiteMainPhase(TestSuiteExecutor.java:141)
	at com.kms.katalon.core.main.TestSuiteExecutor.execute(TestSuiteExecutor.java:90)
	at com.kms.katalon.core.main.TestCaseMain.startTestSuite(TestCaseMain.java:157)
	at com.kms.katalon.core.main.TestCaseMain$startTestSuite$0.call(Unknown Source)
	at TempTestSuite1605107249152.run(TempTestSuite1605107249152.groovy:39)]]></system-out>
      <system-err><![CDATA[2020-11-11 22:07:38 - [TEST_SUITE][ERROR] - ComparePS: Test Cases/ComparePS-1 FAILED.
Reason:
java.lang.NullPointerException
	at com.kms.katalon.core.testdata.reader.SheetPOI.getRowNumbers(SheetPOI.java:235)
	at com.kms.katalon.core.testdata.AbstractTestData.verifyRowIndex(AbstractTestData.java:52)
	at com.kms.katalon.core.testdata.AbstractTestData.getObjectValue(AbstractTestData.java:135)
	at com.kms.katalon.core.testdata.AbstractTestData.getValue(AbstractTestData.java:107)
	at com.kms.katalon.core.testdata.TestData$getValue$0.call(Unknown Source)
	at comparePS.ProposalASL1.ComparePS(ProposalASL1.groovy:54)
	at comparePS.ProposalASL1.invokeMethod(ProposalASL1.groovy)
	at com.kms.katalon.core.main.CustomKeywordDelegatingMetaClass.invokeStaticMethod(CustomKeywordDelegatingMetaClass.java:50)
	at ComparePS-1.run(ComparePS-1:122)
	at com.kms.katalon.core.main.ScriptEngine.run(ScriptEngine.java:194)
	at com.kms.katalon.core.main.ScriptEngine.runScriptAsRawText(ScriptEngine.java:119)
	at com.kms.katalon.core.main.TestCaseExecutor.runScript(TestCaseExecutor.java:339)
	at com.kms.katalon.core.main.TestCaseExecutor.doExecute(TestCaseExecutor.java:330)
	at com.kms.katalon.core.main.TestCaseExecutor.processExecutionPhase(TestCaseExecutor.java:309)
	at com.kms.katalon.core.main.TestCaseExecutor.accessMainPhase(TestCaseExecutor.java:301)
	at com.kms.katalon.core.main.TestCaseExecutor.execute(TestCaseExecutor.java:235)
	at com.kms.katalon.core.main.TestSuiteExecutor.accessTestCaseMainPhase(TestSuiteExecutor.java:191)
	at com.kms.katalon.core.main.TestSuiteExecutor.accessTestSuiteMainPhase(TestSuiteExecutor.java:141)
	at com.kms.katalon.core.main.TestSuiteExecutor.execute(TestSuiteExecutor.java:90)
	at com.kms.katalon.core.main.TestCaseMain.startTestSuite(TestCaseMain.java:157)
	at com.kms.katalon.core.main.TestCaseMain$startTestSuite$0.call(Unknown Source)
	at TempTestSuite1605107249152.run(TempTestSuite1605107249152.groovy:39)]]></system-err>
   </testsuite>
</testsuites>
