<?xml version="1.0" encoding="UTF-8"?>
<testsuites name="ComparePS" time="5.318" tests="1" failures="0" errors="1">
   <testsuite name="ComparePS" tests="1" failures="0" errors="1" time="5.318" timestamp="2020-11-10 15:19:05" hostname="Andika Prananto - ID-ASI-8PZWPQ2.axa-id.intraxa" id="Test Suites/ComparePS">
      <properties>
         <property name="deviceName" value=""/>
         <property name="devicePlatform" value=""/>
         <property name="logFolder" value="C:\\Users\\andika prananto\\Katalon Studio\\ComparePS\\Reports\\20201110_151853\\ComparePS\\20201110_151853"/>
         <property name="logFiles" value="C:\\Users\\andika prananto\\Katalon Studio\\ComparePS\\Reports\\20201110_151853\\ComparePS\\20201110_151853\\execution0.log"/>
         <property name="attachments" value=""/>
         <property name="hostName" value="Andika Prananto - ID-ASI-8PZWPQ2.axa-id.intraxa"/>
         <property name="hostAddress" value="10.47.183.8"/>
         <property name="os" value="Windows 10 64bit"/>
         <property name="katalonVersion" value="7.4.0.1"/>
      </properties>
      <testcase name="Test Cases/ComparePS" time="4.681" classname="Test Cases/ComparePS" status="ERROR">
         <error type="ERROR" message="Test Cases/ComparePS FAILED.
Reason:
java.lang.IllegalArgumentException: Invalid column name 'TIPE LEADS' for test data 'C:\ANDIKA\PROJECT\PS\DT PS\DATA\Compare\ExcelAPK.xlsx'. Possible values are '{NO,Akhir Tahun Ke ,Usia,Total Premi Tahunan,Premi Top Up Tunggal,Bonus Alokasi Investasi,Loyalty Bonus,Penarikan Sebagian Unit,PD Rendah Asumsi,PD Sedang Asumsi,PD Tinggi Asumsi,PN Rendah,PN Sedang,PN Tinggi,PAT Rendah,PAT Sedang ,PAT Tinggi,EXPECTED RESULT,ACTUAL RESULT,STATUS}'
	at com.kms.katalon.core.testdata.AbstractTestData.verifyColumnName(AbstractTestData.java:78)
	at com.kms.katalon.core.testdata.AbstractTestData.getObjectValue(AbstractTestData.java:136)
	at com.kms.katalon.core.testdata.AbstractTestData.getValue(AbstractTestData.java:107)
	at com.kms.katalon.core.testdata.TestData$getValue$0.call(Unknown Source)
	at comparePS.ComparePSASL.ComparePS(ComparePSASL.groovy:53)
	at comparePS.ComparePSASL.invokeMethod(ComparePSASL.groovy)
	at com.kms.katalon.core.main.CustomKeywordDelegatingMetaClass.invokeStaticMethod(CustomKeywordDelegatingMetaClass.java:50)
	at ComparePS.run(ComparePS:121)
	at com.kms.katalon.core.main.ScriptEngine.run(ScriptEngine.java:194)
	at com.kms.katalon.core.main.ScriptEngine.runScriptAsRawText(ScriptEngine.java:119)
	at com.kms.katalon.core.main.TestCaseExecutor.runScript(TestCaseExecutor.java:337)
	at com.kms.katalon.core.main.TestCaseExecutor.doExecute(TestCaseExecutor.java:328)
	at com.kms.katalon.core.main.TestCaseExecutor.processExecutionPhase(TestCaseExecutor.java:307)
	at com.kms.katalon.core.main.TestCaseExecutor.accessMainPhase(TestCaseExecutor.java:299)
	at com.kms.katalon.core.main.TestCaseExecutor.execute(TestCaseExecutor.java:233)
	at com.kms.katalon.core.main.TestSuiteExecutor.accessTestCaseMainPhase(TestSuiteExecutor.java:169)
	at com.kms.katalon.core.main.TestSuiteExecutor.accessTestSuiteMainPhase(TestSuiteExecutor.java:142)
	at com.kms.katalon.core.main.TestSuiteExecutor.execute(TestSuiteExecutor.java:91)
	at com.kms.katalon.core.main.TestCaseMain.startTestSuite(TestCaseMain.java:157)
	at com.kms.katalon.core.main.TestCaseMain$startTestSuite$0.call(Unknown Source)
	at TempTestSuite1604996334068.run(TempTestSuite1604996334068.groovy:37)
"/>
         <system-out><![CDATA[2020-11-10 15:19:05 - [TEST_CASE][ERROR] - Test Cases/ComparePS: Test Cases/ComparePS FAILED.
Reason:
java.lang.IllegalArgumentException: Invalid column name 'TIPE LEADS' for test data 'C:\ANDIKA\PROJECT\PS\DT PS\DATA\Compare\ExcelAPK.xlsx'. Possible values are '{NO,Akhir Tahun Ke ,Usia,Total Premi Tahunan,Premi Top Up Tunggal,Bonus Alokasi Investasi,Loyalty Bonus,Penarikan Sebagian Unit,PD Rendah Asumsi,PD Sedang Asumsi,PD Tinggi Asumsi,PN Rendah,PN Sedang,PN Tinggi,PAT Rendah,PAT Sedang ,PAT Tinggi,EXPECTED RESULT,ACTUAL RESULT,STATUS}'
	at com.kms.katalon.core.testdata.AbstractTestData.verifyColumnName(AbstractTestData.java:78)
	at com.kms.katalon.core.testdata.AbstractTestData.getObjectValue(AbstractTestData.java:136)
	at com.kms.katalon.core.testdata.AbstractTestData.getValue(AbstractTestData.java:107)
	at com.kms.katalon.core.testdata.TestData$getValue$0.call(Unknown Source)
	at comparePS.ComparePSASL.ComparePS(ComparePSASL.groovy:53)
	at comparePS.ComparePSASL.invokeMethod(ComparePSASL.groovy)
	at com.kms.katalon.core.main.CustomKeywordDelegatingMetaClass.invokeStaticMethod(CustomKeywordDelegatingMetaClass.java:50)
	at ComparePS.run(ComparePS:121)
	at com.kms.katalon.core.main.ScriptEngine.run(ScriptEngine.java:194)
	at com.kms.katalon.core.main.ScriptEngine.runScriptAsRawText(ScriptEngine.java:119)
	at com.kms.katalon.core.main.TestCaseExecutor.runScript(TestCaseExecutor.java:337)
	at com.kms.katalon.core.main.TestCaseExecutor.doExecute(TestCaseExecutor.java:328)
	at com.kms.katalon.core.main.TestCaseExecutor.processExecutionPhase(TestCaseExecutor.java:307)
	at com.kms.katalon.core.main.TestCaseExecutor.accessMainPhase(TestCaseExecutor.java:299)
	at com.kms.katalon.core.main.TestCaseExecutor.execute(TestCaseExecutor.java:233)
	at com.kms.katalon.core.main.TestSuiteExecutor.accessTestCaseMainPhase(TestSuiteExecutor.java:169)
	at com.kms.katalon.core.main.TestSuiteExecutor.accessTestSuiteMainPhase(TestSuiteExecutor.java:142)
	at com.kms.katalon.core.main.TestSuiteExecutor.execute(TestSuiteExecutor.java:91)
	at com.kms.katalon.core.main.TestCaseMain.startTestSuite(TestCaseMain.java:157)
	at com.kms.katalon.core.main.TestCaseMain$startTestSuite$0.call(Unknown Source)
	at TempTestSuite1604996334068.run(TempTestSuite1604996334068.groovy:37)


2020-11-10 15:19:07 - [TEST_STEP][PASSED] - sekarang = new java.util.Date(): null

2020-11-10 15:19:08 - [TEST_STEP][PASSED] - tgl = sekarang.format("yyyy-MM-dd"): null

2020-11-10 15:19:08 - [TEST_STEP][PASSED] - fullFlow = true: null

2020-11-10 15:19:08 - [TEST_STEP][PASSED] - strGlbDate = tgl: null

2020-11-10 15:19:08 - [TEST_STEP][PASSED] - strGlbStatus = "": null

2020-11-10 15:19:08 - [TEST_STEP][PASSED] - strGlbKeterangan = "": null

2020-11-10 15:19:08 - [TEST_STEP][PASSED] - strGlbCrash = false: null

2020-11-10 15:19:08 - [TEST_STEP][PASSED] - strGlbAlamat = false: null

2020-11-10 15:19:08 - [TEST_STEP][PASSED] - strGlbNomor = 1: null

2020-11-10 15:19:08 - [TEST_STEP][PASSED] - strGlbNumImage = 0: null

2020-11-10 15:19:08 - [TEST_STEP][PASSED] - strGlbMenu = "Login": null

2020-11-10 15:19:08 - [TEST_STEP][PASSED] - runTime = StopWatch.createStarted(): null

2020-11-10 15:19:08 - [TEST_STEP][PASSED] - getLastRow = findTestData("dt_APK").getRowNumbers(): null

2020-11-10 15:19:09 - [TEST_STEP][ERROR] - for (int excelRow : (1..getLastRow)): Invalid column name 'TIPE LEADS' for test data 'C:\ANDIKA\PROJECT\PS\DT PS\DATA\Compare\ExcelAPK.xlsx'. Possible values are '{NO,Akhir Tahun Ke ,Usia,Total Premi Tahunan,Premi Top Up Tunggal,Bonus Alokasi Investasi,Loyalty Bonus,Penarikan Sebagian Unit,PD Rendah Asumsi,PD Sedang Asumsi,PD Tinggi Asumsi,PN Rendah,PN Sedang,PN Tinggi,PAT Rendah,PAT Sedang ,PAT Tinggi,EXPECTED RESULT,ACTUAL RESULT,STATUS}'

2020-11-10 15:19:09 - [TEST_STEP][PASSED] - runTime.reset(): null

2020-11-10 15:19:09 - [TEST_STEP][PASSED] - runTime.start(): null

2020-11-10 15:19:09 - [TEST_STEP][PASSED] - dataCompareAPK = findTestData("dt_APK"): null

2020-11-10 15:19:09 - [TEST_STEP][PASSED] - strNoAPK = dataCompareAPK.getValue("NO", excelRow): null

2020-11-10 15:19:09 - [TEST_STEP][ERROR] - comparePS.ComparePSASL.ComparePS(strNoAPK, excelRow): Invalid column name 'TIPE LEADS' for test data 'C:\ANDIKA\PROJECT\PS\DT PS\DATA\Compare\ExcelAPK.xlsx'. Possible values are '{NO,Akhir Tahun Ke ,Usia,Total Premi Tahunan,Premi Top Up Tunggal,Bonus Alokasi Investasi,Loyalty Bonus,Penarikan Sebagian Unit,PD Rendah Asumsi,PD Sedang Asumsi,PD Tinggi Asumsi,PN Rendah,PN Sedang,PN Tinggi,PAT Rendah,PAT Sedang ,PAT Tinggi,EXPECTED RESULT,ACTUAL RESULT,STATUS}'

2020-11-10 15:19:10 - [MESSAGE][ERROR] - Invalid column name 'TIPE LEADS' for test data 'C:\ANDIKA\PROJECT\PS\DT PS\DATA\Compare\ExcelAPK.xlsx'. Possible values are '{NO,Akhir Tahun Ke ,Usia,Total Premi Tahunan,Premi Top Up Tunggal,Bonus Alokasi Investasi,Loyalty Bonus,Penarikan Sebagian Unit,PD Rendah Asumsi,PD Sedang Asumsi,PD Tinggi Asumsi,PN Rendah,PN Sedang,PN Tinggi,PAT Rendah,PAT Sedang ,PAT Tinggi,EXPECTED RESULT,ACTUAL RESULT,STATUS}']]></system-out>
         <system-err><![CDATA[2020-11-10 15:19:05 - [TEST_CASE][ERROR] - Test Cases/ComparePS: Test Cases/ComparePS FAILED.
Reason:
java.lang.IllegalArgumentException: Invalid column name 'TIPE LEADS' for test data 'C:\ANDIKA\PROJECT\PS\DT PS\DATA\Compare\ExcelAPK.xlsx'. Possible values are '{NO,Akhir Tahun Ke ,Usia,Total Premi Tahunan,Premi Top Up Tunggal,Bonus Alokasi Investasi,Loyalty Bonus,Penarikan Sebagian Unit,PD Rendah Asumsi,PD Sedang Asumsi,PD Tinggi Asumsi,PN Rendah,PN Sedang,PN Tinggi,PAT Rendah,PAT Sedang ,PAT Tinggi,EXPECTED RESULT,ACTUAL RESULT,STATUS}'
	at com.kms.katalon.core.testdata.AbstractTestData.verifyColumnName(AbstractTestData.java:78)
	at com.kms.katalon.core.testdata.AbstractTestData.getObjectValue(AbstractTestData.java:136)
	at com.kms.katalon.core.testdata.AbstractTestData.getValue(AbstractTestData.java:107)
	at com.kms.katalon.core.testdata.TestData$getValue$0.call(Unknown Source)
	at comparePS.ComparePSASL.ComparePS(ComparePSASL.groovy:53)
	at comparePS.ComparePSASL.invokeMethod(ComparePSASL.groovy)
	at com.kms.katalon.core.main.CustomKeywordDelegatingMetaClass.invokeStaticMethod(CustomKeywordDelegatingMetaClass.java:50)
	at ComparePS.run(ComparePS:121)
	at com.kms.katalon.core.main.ScriptEngine.run(ScriptEngine.java:194)
	at com.kms.katalon.core.main.ScriptEngine.runScriptAsRawText(ScriptEngine.java:119)
	at com.kms.katalon.core.main.TestCaseExecutor.runScript(TestCaseExecutor.java:337)
	at com.kms.katalon.core.main.TestCaseExecutor.doExecute(TestCaseExecutor.java:328)
	at com.kms.katalon.core.main.TestCaseExecutor.processExecutionPhase(TestCaseExecutor.java:307)
	at com.kms.katalon.core.main.TestCaseExecutor.accessMainPhase(TestCaseExecutor.java:299)
	at com.kms.katalon.core.main.TestCaseExecutor.execute(TestCaseExecutor.java:233)
	at com.kms.katalon.core.main.TestSuiteExecutor.accessTestCaseMainPhase(TestSuiteExecutor.java:169)
	at com.kms.katalon.core.main.TestSuiteExecutor.accessTestSuiteMainPhase(TestSuiteExecutor.java:142)
	at com.kms.katalon.core.main.TestSuiteExecutor.execute(TestSuiteExecutor.java:91)
	at com.kms.katalon.core.main.TestCaseMain.startTestSuite(TestCaseMain.java:157)
	at com.kms.katalon.core.main.TestCaseMain$startTestSuite$0.call(Unknown Source)
	at TempTestSuite1604996334068.run(TempTestSuite1604996334068.groovy:37)]]></system-err>
      </testcase>
      <system-out><![CDATA[2020-11-10 15:19:05 - [TEST_SUITE][ERROR] - ComparePS: Test Cases/ComparePS FAILED.
Reason:
java.lang.IllegalArgumentException: Invalid column name 'TIPE LEADS' for test data 'C:\ANDIKA\PROJECT\PS\DT PS\DATA\Compare\ExcelAPK.xlsx'. Possible values are '{NO,Akhir Tahun Ke ,Usia,Total Premi Tahunan,Premi Top Up Tunggal,Bonus Alokasi Investasi,Loyalty Bonus,Penarikan Sebagian Unit,PD Rendah Asumsi,PD Sedang Asumsi,PD Tinggi Asumsi,PN Rendah,PN Sedang,PN Tinggi,PAT Rendah,PAT Sedang ,PAT Tinggi,EXPECTED RESULT,ACTUAL RESULT,STATUS}'
	at com.kms.katalon.core.testdata.AbstractTestData.verifyColumnName(AbstractTestData.java:78)
	at com.kms.katalon.core.testdata.AbstractTestData.getObjectValue(AbstractTestData.java:136)
	at com.kms.katalon.core.testdata.AbstractTestData.getValue(AbstractTestData.java:107)
	at com.kms.katalon.core.testdata.TestData$getValue$0.call(Unknown Source)
	at comparePS.ComparePSASL.ComparePS(ComparePSASL.groovy:53)
	at comparePS.ComparePSASL.invokeMethod(ComparePSASL.groovy)
	at com.kms.katalon.core.main.CustomKeywordDelegatingMetaClass.invokeStaticMethod(CustomKeywordDelegatingMetaClass.java:50)
	at ComparePS.run(ComparePS:121)
	at com.kms.katalon.core.main.ScriptEngine.run(ScriptEngine.java:194)
	at com.kms.katalon.core.main.ScriptEngine.runScriptAsRawText(ScriptEngine.java:119)
	at com.kms.katalon.core.main.TestCaseExecutor.runScript(TestCaseExecutor.java:337)
	at com.kms.katalon.core.main.TestCaseExecutor.doExecute(TestCaseExecutor.java:328)
	at com.kms.katalon.core.main.TestCaseExecutor.processExecutionPhase(TestCaseExecutor.java:307)
	at com.kms.katalon.core.main.TestCaseExecutor.accessMainPhase(TestCaseExecutor.java:299)
	at com.kms.katalon.core.main.TestCaseExecutor.execute(TestCaseExecutor.java:233)
	at com.kms.katalon.core.main.TestSuiteExecutor.accessTestCaseMainPhase(TestSuiteExecutor.java:169)
	at com.kms.katalon.core.main.TestSuiteExecutor.accessTestSuiteMainPhase(TestSuiteExecutor.java:142)
	at com.kms.katalon.core.main.TestSuiteExecutor.execute(TestSuiteExecutor.java:91)
	at com.kms.katalon.core.main.TestCaseMain.startTestSuite(TestCaseMain.java:157)
	at com.kms.katalon.core.main.TestCaseMain$startTestSuite$0.call(Unknown Source)
	at TempTestSuite1604996334068.run(TempTestSuite1604996334068.groovy:37)]]></system-out>
      <system-err><![CDATA[2020-11-10 15:19:05 - [TEST_SUITE][ERROR] - ComparePS: Test Cases/ComparePS FAILED.
Reason:
java.lang.IllegalArgumentException: Invalid column name 'TIPE LEADS' for test data 'C:\ANDIKA\PROJECT\PS\DT PS\DATA\Compare\ExcelAPK.xlsx'. Possible values are '{NO,Akhir Tahun Ke ,Usia,Total Premi Tahunan,Premi Top Up Tunggal,Bonus Alokasi Investasi,Loyalty Bonus,Penarikan Sebagian Unit,PD Rendah Asumsi,PD Sedang Asumsi,PD Tinggi Asumsi,PN Rendah,PN Sedang,PN Tinggi,PAT Rendah,PAT Sedang ,PAT Tinggi,EXPECTED RESULT,ACTUAL RESULT,STATUS}'
	at com.kms.katalon.core.testdata.AbstractTestData.verifyColumnName(AbstractTestData.java:78)
	at com.kms.katalon.core.testdata.AbstractTestData.getObjectValue(AbstractTestData.java:136)
	at com.kms.katalon.core.testdata.AbstractTestData.getValue(AbstractTestData.java:107)
	at com.kms.katalon.core.testdata.TestData$getValue$0.call(Unknown Source)
	at comparePS.ComparePSASL.ComparePS(ComparePSASL.groovy:53)
	at comparePS.ComparePSASL.invokeMethod(ComparePSASL.groovy)
	at com.kms.katalon.core.main.CustomKeywordDelegatingMetaClass.invokeStaticMethod(CustomKeywordDelegatingMetaClass.java:50)
	at ComparePS.run(ComparePS:121)
	at com.kms.katalon.core.main.ScriptEngine.run(ScriptEngine.java:194)
	at com.kms.katalon.core.main.ScriptEngine.runScriptAsRawText(ScriptEngine.java:119)
	at com.kms.katalon.core.main.TestCaseExecutor.runScript(TestCaseExecutor.java:337)
	at com.kms.katalon.core.main.TestCaseExecutor.doExecute(TestCaseExecutor.java:328)
	at com.kms.katalon.core.main.TestCaseExecutor.processExecutionPhase(TestCaseExecutor.java:307)
	at com.kms.katalon.core.main.TestCaseExecutor.accessMainPhase(TestCaseExecutor.java:299)
	at com.kms.katalon.core.main.TestCaseExecutor.execute(TestCaseExecutor.java:233)
	at com.kms.katalon.core.main.TestSuiteExecutor.accessTestCaseMainPhase(TestSuiteExecutor.java:169)
	at com.kms.katalon.core.main.TestSuiteExecutor.accessTestSuiteMainPhase(TestSuiteExecutor.java:142)
	at com.kms.katalon.core.main.TestSuiteExecutor.execute(TestSuiteExecutor.java:91)
	at com.kms.katalon.core.main.TestCaseMain.startTestSuite(TestCaseMain.java:157)
	at com.kms.katalon.core.main.TestCaseMain$startTestSuite$0.call(Unknown Source)
	at TempTestSuite1604996334068.run(TempTestSuite1604996334068.groovy:37)]]></system-err>
   </testsuite>
</testsuites>
